<?xml version="1.0" encoding="UTF-8"?>
<!-- Generated by org.testng.reporters.JUnitReportReporter -->
<testsuite hostname="Yamini" failures="0" tests="1" name="testCases.TestCase2" time="11.397" errors="0" timestamp="2024-11-29T12:54:35 IST" skipped="0">
  <testcase classname="testCases.TestCase2" name="userSign" time="11.397">
    <system-out>
      <![CDATA[Test Case Execution started
TestCase Exceuted succesfully]]>
    </system-out>
  </testcase> <!-- userSign -->
  <system-out>
    <![CDATA[Test Case Execution started
TestCase Exceuted succesfully]]>
  </system-out>
</testsuite> <!-- testCases.TestCase2 -->
