<?xml version="1.0" encoding="UTF-8"?>
<!-- Generated by org.testng.reporters.JUnitReportReporter -->
<testsuite hostname="Yamini" failures="0" tests="1" name="testCases.TestCase5" time="39.566" errors="0" timestamp="2024-11-20T19:22:05 IST" skipped="0">
  <testcase classname="testCases.TestCase5" name="itemSearch" time="39.566"/>
</testsuite> <!-- testCases.TestCase5 -->
