<?xml version="1.0" encoding="UTF-8"?>
<!-- Generated by org.testng.reporters.JUnitReportReporter -->
<testsuite hostname="Yamini" failures="0" tests="1" name="testCases.TestCase9" time="34.410" errors="0" timestamp="2024-11-20T19:22:05 IST" skipped="0">
  <testcase classname="testCases.TestCase9" name="AddToCart" time="34.410"/>
</testsuite> <!-- testCases.TestCase9 -->
