<?xml version="1.0" encoding="UTF-8"?>
<!-- Generated by org.testng.reporters.JUnitReportReporter -->
<testsuite hostname="Yamini" failures="0" tests="1" name="package1.Maven_Project.TestCase1" time="11.150" errors="0" timestamp="2024-11-14T19:39:23 IST" skipped="0">
  <testcase classname="package1.Maven_Project.TestCase1" name="TC1" time="11.150"/>
</testsuite> <!-- package1.Maven_Project.TestCase1 -->
