<?xml version="1.0" encoding="UTF-8"?>
<!-- Generated by org.testng.reporters.JUnitReportReporter -->
<testsuite hostname="Yamini" failures="0" tests="1" name="package1.Maven_Project.TestCase2" time="16.828" errors="0" timestamp="2024-12-05T16:41:55 IST" skipped="0">
  <testcase classname="package1.Maven_Project.TestCase2" name="TC2" time="16.828"/>
</testsuite> <!-- package1.Maven_Project.TestCase2 -->
