<?xml version="1.0" encoding="UTF-8"?>
<!-- Generated by org.testng.reporters.JUnitReportReporter -->
<testsuite hostname="Yamini" failures="0" tests="1" name="package1.Maven_Project.TestP" time="8.760" errors="0" timestamp="2024-11-13T23:51:43 IST" skipped="0">
  <testcase classname="package1.Maven_Project.TestP" name="TCp" time="8.760"/>
  <system-out/>
</testsuite> <!-- package1.Maven_Project.TestP -->
