<?xml version="1.0" encoding="UTF-8"?>
<!-- Generated by org.testng.reporters.JUnitReportReporter -->
<testsuite hostname="Yamini" failures="0" tests="1" name="package1.Maven_Project.Google_Luanch" time="6.716" errors="0" timestamp="2024-11-19T19:05:48 IST" skipped="0">
  <testcase classname="package1.Maven_Project.Google_Luanch" name="google" time="6.716"/>
  <system-out/>
</testsuite> <!-- package1.Maven_Project.Google_Luanch -->
