<?xml version="1.0" encoding="UTF-8"?>
<!-- Generated by org.testng.reporters.JUnitReportReporter -->
<testsuite hostname="Yamini" failures="0" tests="3" name="testNg_Practice.ActionClassConcepts" time="7.522" errors="0" timestamp="2024-11-03T16:39:12 IST" skipped="2">
  <testcase classname="testNg_Practice.ActionClassConcepts" name="scroll" time="7.522"/>
  <system-out/>
  <testcase classname="testNg_Practice.ActionClassConcepts" name="drp">
    <skipped/>
  </testcase> <!-- drp -->
  <system-out/>
  <testcase classname="testNg_Practice.ActionClassConcepts" name="hover">
    <skipped/>
  </testcase> <!-- hover -->
  <system-out/>
</testsuite> <!-- testNg_Practice.ActionClassConcepts -->
