<?xml version="1.0" encoding="UTF-8"?>
<!-- Generated by org.testng.reporters.JUnitReportReporter -->
<testsuite hostname="Yamini" failures="0" tests="1" name="practice_Concepts.Login" time="6.758" errors="0" timestamp="2024-11-12T22:42:49 IST" skipped="0">
  <testcase classname="practice_Concepts.Login" name="TC1" time="6.758"/>
  <system-out/>
</testsuite> <!-- practice_Concepts.Login -->
