<?xml version="1.0" encoding="UTF-8"?>
<!-- Generated by org.testng.reporters.JUnitReportReporter -->
<testsuite hostname="Yamini" failures="0" tests="1" name="package1.Maven_Project.TestCase_Payment" time="32.258" errors="0" timestamp="2024-11-15T08:29:37 IST" skipped="0">
  <testcase classname="package1.Maven_Project.TestCase_Payment" name="TC3" time="32.258"/>
  <system-out/>
</testsuite> <!-- package1.Maven_Project.TestCase_Payment -->
