<?xml version="1.0" encoding="UTF-8"?>
<!-- Generated by org.testng.reporters.JUnitReportReporter -->
<testsuite hostname="Yamini" failures="0" tests="1" name="package1.Maven_Project.DDT_P" time="6.766" errors="0" timestamp="2024-11-12T10:46:53 IST" skipped="0">
  <testcase classname="package1.Maven_Project.DDT_P" name="testP" time="6.766"/>
  <system-out/>
</testsuite> <!-- package1.Maven_Project.DDT_P -->
