<?xml version="1.0" encoding="UTF-8"?>
<!-- Generated by org.testng.reporters.JUnitReportReporter -->
<testsuite hostname="Yamini" failures="0" tests="1" name="testNG_Package.AssertConcept" time="3.381" errors="0" timestamp="2024-10-22T21:57:01 IST" skipped="0">
  <testcase classname="testNG_Package.AssertConcept" name="testcase1" time="3.381"/>
  <system-out/>
</testsuite> <!-- testNG_Package.AssertConcept -->
