<?xml version="1.0" encoding="UTF-8"?>
<!-- Generated by org.testng.reporters.JUnitReportReporter -->
<testsuite hostname="Yamini" failures="0" tests="4" name="testNG_Package.Pass_2Paramters_Sametest" time="0.011" errors="0" timestamp="2024-10-20T18:50:24 IST" skipped="0">
  <testcase classname="testNG_Package.Pass_2Paramters_Sametest" name="test2" time="0.008"/>
  <system-out/>
  <testcase classname="testNG_Package.Pass_2Paramters_Sametest" name="test1" time="0.001"/>
  <system-out/>
  <testcase classname="testNG_Package.Pass_2Paramters_Sametest" name="test1" time="0.001"/>
  <system-out/>
  <testcase classname="testNG_Package.Pass_2Paramters_Sametest" name="test1" time="0.001"/>
  <system-out/>
</testsuite> <!-- testNG_Package.Pass_2Paramters_Sametest -->
