<?xml version="1.0" encoding="UTF-8"?>
<!-- Generated by org.testng.reporters.JUnitReportReporter -->
<testsuite hostname="Yamini" failures="0" tests="3" name="testNG_Practice.Dataprovider_Singleparameter" time="7.867" errors="0" timestamp="2024-10-20T19:45:03 IST" skipped="0">
  <testcase classname="testNG_Practice.Dataprovider_Singleparameter" name="test2" time="2.408"/>
  <system-out/>
  <testcase classname="testNG_Practice.Dataprovider_Singleparameter" name="test2" time="2.158"/>
  <system-out/>
  <testcase classname="testNG_Practice.Dataprovider_Singleparameter" name="test2" time="3.301"/>
  <system-out/>
</testsuite> <!-- testNG_Practice.Dataprovider_Singleparameter -->
