<?xml version="1.0" encoding="UTF-8"?>
<!-- Generated by org.testng.reporters.JUnitReportReporter -->
<testsuite hostname="Yamini" failures="0" tests="3" name="testNG_Practice_P.DP_Indices" time="8.119" errors="0" timestamp="2024-10-26T18:21:54 IST" skipped="0">
  <testcase classname="testNG_Practice_P.DP_Indices" name="testLogin" time="2.016"/>
  <system-out/>
  <testcase classname="testNG_Practice_P.DP_Indices" name="testLogin" time="2.224"/>
  <system-out/>
  <testcase classname="testNG_Practice_P.DP_Indices" name="testLogin" time="3.879"/>
  <system-out/>
</testsuite> <!-- testNG_Practice_P.DP_Indices -->
