<?xml version="1.0" encoding="UTF-8"?>
<!-- Generated by org.testng.reporters.JUnitReportReporter -->
<testsuite hostname="Yamini" failures="0" tests="3" name="testNG_Package.Disable_test" time="0.010" errors="0" timestamp="2024-10-20T18:43:48 IST" skipped="1">
  <testcase classname="testNG_Package.Disable_test" name="test3" time="0.002"/>
  <system-out/>
  <testcase classname="testNG_Package.Disable_test" name="test1" time="0.008"/>
  <system-out/>
  <testcase classname="testNG_Package.Disable_test" name="test2">
    <skipped/>
  </testcase> <!-- test2 -->
  <system-out/>
</testsuite> <!-- testNG_Package.Disable_test -->
