<?xml version="1.0" encoding="UTF-8"?>
<!-- Generated by org.testng.reporters.JUnitReportReporter -->
<testsuite hostname="Yamini" failures="0" tests="5" name="testNG_Package.Alphabetic_Oder_Exceution_Test_Annotation" time="0.013" errors="0" timestamp="2024-10-17T09:41:29 IST" skipped="0">
  <testcase classname="testNG_Package.Alphabetic_Oder_Exceution_Test_Annotation" name="logout" time="0.002"/>
  <system-out/>
  <testcase classname="testNG_Package.Alphabetic_Oder_Exceution_Test_Annotation" name="testCase_c" time="0.001"/>
  <system-out/>
  <testcase classname="testNG_Package.Alphabetic_Oder_Exceution_Test_Annotation" name="login" time="0.008"/>
  <system-out/>
  <testcase classname="testNG_Package.Alphabetic_Oder_Exceution_Test_Annotation" name="test" time="0.001"/>
  <system-out/>
  <testcase classname="testNG_Package.Alphabetic_Oder_Exceution_Test_Annotation" name="testdase_b" time="0.001"/>
  <system-out/>
</testsuite> <!-- testNG_Package.Alphabetic_Oder_Exceution_Test_Annotation -->
