<?xml version="1.0" encoding="UTF-8"?>
<!-- Generated by org.testng.reporters.JUnitReportReporter -->
<testsuite hostname="Yamini" failures="0" tests="3" name="testNG_Practice.Dataprovider_Practice" time="0.022" errors="0" timestamp="2024-10-20T20:06:42 IST" skipped="0">
  <testcase classname="testNG_Practice.Dataprovider_Practice" name="test" time="0.001"/>
  <system-out>
    <![CDATA[Addition is -> 10]]>
  </system-out>
  <testcase classname="testNG_Practice.Dataprovider_Practice" name="test" time="0.017"/>
  <system-out>
    <![CDATA[Addition is -> 3]]>
  </system-out>
  <testcase classname="testNG_Practice.Dataprovider_Practice" name="test" time="0.004"/>
  <system-out>
    <![CDATA[Addition is -> 7]]>
  </system-out>
</testsuite> <!-- testNG_Practice.Dataprovider_Practice -->
