<?xml version="1.0" encoding="UTF-8"?>
<!-- Generated by org.testng.reporters.JUnitReportReporter -->
<testsuite hostname="Yamini" failures="0" tests="1" name="assert_Concepts.Amazon_Login_Logout" time="10.340" errors="0" timestamp="2024-10-23T17:11:02 IST" skipped="0">
  <testcase classname="assert_Concepts.Amazon_Login_Logout" name="test" time="10.340"/>
  <system-out/>
</testsuite> <!-- assert_Concepts.Amazon_Login_Logout -->
