<?xml version="1.0" encoding="UTF-8"?>
<!-- Generated by org.testng.reporters.JUnitReportReporter -->
<testsuite hostname="Yamini" failures="0" tests="3" name="testNG_Package.Disbale_test" time="0.011" errors="0" timestamp="2024-10-17T10:12:24 IST" skipped="1">
  <testcase classname="testNG_Package.Disbale_test" name="test3" time="0.003"/>
  <system-out/>
  <testcase classname="testNG_Package.Disbale_test" name="test1" time="0.008"/>
  <system-out/>
  <testcase classname="testNG_Package.Disbale_test" name="test2">
    <skipped/>
  </testcase> <!-- test2 -->
  <system-out/>
</testsuite> <!-- testNG_Package.Disbale_test -->
