<?xml version="1.0" encoding="UTF-8"?>
<!-- Generated by org.testng.reporters.JUnitReportReporter -->
<testsuite hostname="Yamini" failures="0" tests="3" name="parallel_Testing.browser_Url" time="21.404" errors="0" timestamp="2024-10-27T01:01:23 IST" skipped="0">
  <testcase classname="parallel_Testing.browser_Url" name="Test1" time="7.055"/>
  <system-out/>
  <testcase classname="parallel_Testing.browser_Url" name="Test1" time="5.524"/>
  <system-out/>
  <testcase classname="parallel_Testing.browser_Url" name="Test1" time="8.825"/>
  <system-out/>
</testsuite> <!-- parallel_Testing.browser_Url -->
