<?xml version="1.0" encoding="UTF-8"?>
<!-- Generated by org.testng.reporters.JUnitReportReporter -->
<testsuite hostname="Yamini" failures="0" tests="1" name="testNG_Package.Testcase" time="0.002" errors="0" timestamp="2024-10-16T17:19:11 IST" skipped="0">
  <testcase classname="testNG_Package.Testcase" name="TC0" time="0.002"/>
  <system-out/>
</testsuite> <!-- testNG_Package.Testcase -->
