<?xml version="1.0" encoding="UTF-8"?>
<!-- Generated by org.testng.reporters.JUnitReportReporter -->
<testsuite hostname="Yamini" failures="0" tests="2" name="testNG_Practice.Dataprovider" time="5.049" errors="0" timestamp="2024-10-20T19:38:32 IST" skipped="0">
  <testcase classname="testNG_Practice.Dataprovider" name="test" time="3.005"/>
  <system-out/>
  <testcase classname="testNG_Practice.Dataprovider" name="test" time="2.044"/>
  <system-out/>
</testsuite> <!-- testNG_Practice.Dataprovider -->
