<?xml version="1.0" encoding="UTF-8"?>
<!-- Generated by org.testng.reporters.JUnitReportReporter -->
<testsuite hostname="Yamini" failures="0" tests="1" name="test_Pack.FB_Logic" time="2.553" errors="0" timestamp="2024-11-06T10:57:28 IST" skipped="0">
  <testcase classname="test_Pack.FB_Logic" name="fbLogin" time="2.553"/>
  <system-out/>
</testsuite> <!-- test_Pack.FB_Logic -->
