<?xml version="1.0" encoding="UTF-8"?>
<!-- Generated by org.testng.reporters.JUnitReportReporter -->
<testsuite hostname="Yamini" failures="0" tests="3" name="testNG_Package.Grouping_Concept" time="0.015" errors="0" timestamp="2024-11-29T18:11:35 IST" skipped="0">
  <testcase classname="testNG_Package.Grouping_Concept" name="TC4" time="0.002"/>
  <system-out/>
  <testcase classname="testNG_Package.Grouping_Concept" name="Tc2" time="0.001"/>
  <system-out/>
  <testcase classname="testNG_Package.Grouping_Concept" name="TC1" time="0.012"/>
  <system-out/>
</testsuite> <!-- testNG_Package.Grouping_Concept -->
