<?xml version="1.0" encoding="UTF-8"?>
<!-- Generated by org.testng.reporters.JUnitReportReporter -->
<testsuite hostname="Yamini" failures="0" tests="4" name="testNG_Package.DataProvider_Annotation" time="19.443" errors="0" timestamp="2024-10-20T20:07:46 IST" skipped="0">
  <testcase classname="testNG_Package.DataProvider_Annotation" name="amazon_Search" time="5.676"/>
  <system-out>
    <![CDATA[Search Item is  -> laptop]]>
  </system-out>
  <testcase classname="testNG_Package.DataProvider_Annotation" name="amazon_Search" time="5.648"/>
  <system-out>
    <![CDATA[Search Item is  -> t-shirts]]>
  </system-out>
  <testcase classname="testNG_Package.DataProvider_Annotation" name="amazon_Search" time="3.150"/>
  <system-out>
    <![CDATA[Search Item is  -> shoes]]>
  </system-out>
  <testcase classname="testNG_Package.DataProvider_Annotation" name="amazon_Search" time="4.969"/>
  <system-out>
    <![CDATA[Search Item is  -> mobile]]>
  </system-out>
</testsuite> <!-- testNG_Package.DataProvider_Annotation -->
