<?xml version="1.0" encoding="UTF-8"?>
<!-- Generated by org.testng.reporters.JUnitReportReporter -->
<testsuite hostname="Yamini" failures="0" tests="2" name="testNG_Package.TestPractice" time="0.001" errors="0" timestamp="2024-10-16T23:10:48 IST" skipped="0">
  <testcase classname="testNG_Package.TestPractice" name="TC2" time="0.001"/>
  <system-out/>
  <testcase classname="testNG_Package.TestPractice" name="TC1" time="0.000"/>
  <system-out/>
</testsuite> <!-- testNG_Package.TestPractice -->
