<?xml version="1.0" encoding="UTF-8"?>
<!-- Generated by org.testng.reporters.JUnitReportReporter -->
<testsuite hostname="Yamini" failures="0" tests="2" name="testNG_Package.TC_Execution_WithSame_PriorityOrder" time="0.012" errors="0" timestamp="2024-10-17T10:05:57 IST" skipped="0">
  <testcase classname="testNG_Package.TC_Execution_WithSame_PriorityOrder" name="abc" time="0.010"/>
  <system-out/>
  <testcase classname="testNG_Package.TC_Execution_WithSame_PriorityOrder" name="xyz" time="0.002"/>
  <system-out/>
</testsuite> <!-- testNG_Package.TC_Execution_WithSame_PriorityOrder -->
