<?xml version="1.0" encoding="UTF-8"?>
<!-- Generated by org.testng.reporters.JUnitReportReporter -->
<testsuite hostname="Yamini" failures="0" tests="4" name="testNG_Package.Priority_test_Annotation" time="0.020" errors="0" timestamp="2024-10-17T09:47:00 IST" skipped="0">
  <testcase classname="testNG_Package.Priority_test_Annotation" name="login" time="0.016"/>
  <system-out/>
  <testcase classname="testNG_Package.Priority_test_Annotation" name="test" time="0.001"/>
  <system-out/>
  <testcase classname="testNG_Package.Priority_test_Annotation" name="xyz" time="0.001"/>
  <system-out/>
  <testcase classname="testNG_Package.Priority_test_Annotation" name="logout" time="0.002"/>
  <system-out/>
</testsuite> <!-- testNG_Package.Priority_test_Annotation -->
