<?xml version="1.0" encoding="UTF-8"?>
<!-- Generated by org.testng.reporters.JUnitReportReporter -->
<testsuite hostname="Yamini" failures="0" tests="3" name="parallel_Testing.TestCase1" time="27.473" errors="0" timestamp="2024-11-18T19:19:55 IST" skipped="0">
  <testcase classname="parallel_Testing.TestCase1" name="search" time="9.065"/>
  <system-out/>
  <testcase classname="parallel_Testing.TestCase1" name="search" time="8.776"/>
  <system-out/>
  <testcase classname="parallel_Testing.TestCase1" name="search" time="9.632"/>
  <system-out/>
</testsuite> <!-- parallel_Testing.TestCase1 -->
