<?xml version="1.0" encoding="UTF-8"?>
<!-- Generated by org.testng.reporters.JUnitReportReporter -->
<testsuite hostname="Yamini" failures="0" tests="3" name="testNG_Package.DefaultTest_Enable_InvocationCount_Priority" time="0.011" errors="0" timestamp="2024-10-17T10:15:33 IST" skipped="0">
  <testcase classname="testNG_Package.DefaultTest_Enable_InvocationCount_Priority" name="test2" time="0.001"/>
  <system-out/>
  <testcase classname="testNG_Package.DefaultTest_Enable_InvocationCount_Priority" name="test3" time="0.002"/>
  <system-out/>
  <testcase classname="testNG_Package.DefaultTest_Enable_InvocationCount_Priority" name="test1" time="0.008"/>
  <system-out/>
</testsuite> <!-- testNG_Package.DefaultTest_Enable_InvocationCount_Priority -->
