<?xml version="1.0" encoding="UTF-8"?>
<!-- Generated by org.testng.reporters.JUnitReportReporter -->
<testsuite hostname="Yamini" failures="0" tests="3" name="testNG_Assignments.DataProvider_Registration" time="0.018" errors="0" timestamp="2024-10-20T19:29:39 IST" skipped="0">
  <testcase classname="testNG_Assignments.DataProvider_Registration" name="register" time="0.001"/>
  <system-out/>
  <testcase classname="testNG_Assignments.DataProvider_Registration" name="register" time="0.004"/>
  <system-out/>
  <testcase classname="testNG_Assignments.DataProvider_Registration" name="register" time="0.013"/>
  <system-out/>
</testsuite> <!-- testNG_Assignments.DataProvider_Registration -->
