<?xml version="1.0" encoding="UTF-8"?>
<!-- Generated by org.testng.reporters.JUnitReportReporter -->
<testsuite hostname="Yamini" failures="0" tests="5" name="testNG_Package.Facebook_Login_using_Dataprovider" time="12.700" errors="0" timestamp="2024-10-20T13:24:26 IST" skipped="0">
  <testcase classname="testNG_Package.Facebook_Login_using_Dataprovider" name="fb" time="2.627"/>
  <system-out/>
  <testcase classname="testNG_Package.Facebook_Login_using_Dataprovider" name="fb" time="2.353"/>
  <system-out/>
  <testcase classname="testNG_Package.Facebook_Login_using_Dataprovider" name="fb" time="2.693"/>
  <system-out/>
  <testcase classname="testNG_Package.Facebook_Login_using_Dataprovider" name="fb" time="2.516"/>
  <system-out/>
  <testcase classname="testNG_Package.Facebook_Login_using_Dataprovider" name="fb" time="2.511"/>
  <system-out/>
</testsuite> <!-- testNG_Package.Facebook_Login_using_Dataprovider -->
