<?xml version="1.0" encoding="UTF-8"?>
<!-- Generated by org.testng.reporters.JUnitReportReporter -->
<testsuite hostname="Yamini" failures="0" tests="6" name="testNG_Package.InvocationCount_Test_Annotation" time="0.017" errors="0" timestamp="2024-10-17T09:50:06 IST" skipped="0">
  <testcase classname="testNG_Package.InvocationCount_Test_Annotation" name="test" time="0.000"/>
  <system-out/>
  <testcase classname="testNG_Package.InvocationCount_Test_Annotation" name="test" time="0.002"/>
  <system-out/>
  <testcase classname="testNG_Package.InvocationCount_Test_Annotation" name="abc" time="0.003"/>
  <system-out/>
  <testcase classname="testNG_Package.InvocationCount_Test_Annotation" name="test" time="0.001"/>
  <system-out/>
  <testcase classname="testNG_Package.InvocationCount_Test_Annotation" name="abc" time="0.010"/>
  <system-out/>
  <testcase classname="testNG_Package.InvocationCount_Test_Annotation" name="abc" time="0.001"/>
  <system-out/>
</testsuite> <!-- testNG_Package.InvocationCount_Test_Annotation -->
