<?xml version="1.0" encoding="UTF-8"?>
<!-- Generated by org.testng.reporters.JUnitReportReporter -->
<testsuite hostname="Yamini" failures="0" tests="2" name="testNG_Package.Default_Test_Annotation" time="0.012" errors="0" timestamp="2024-10-17T09:55:07 IST" skipped="0">
  <testcase classname="testNG_Package.Default_Test_Annotation" name="test2" time="0.007"/>
  <system-out/>
  <testcase classname="testNG_Package.Default_Test_Annotation" name="test1" time="0.005"/>
  <system-out/>
</testsuite> <!-- testNG_Package.Default_Test_Annotation -->
