<?xml version="1.0" encoding="UTF-8"?>
<!-- Generated by org.testng.reporters.JUnitReportReporter -->
<testsuite hostname="Yamini" failures="0" tests="12" name="testNG_Assignments.Test_Annotation_3" time="0.019" errors="0" timestamp="2024-10-17T10:09:27 IST" skipped="0">
  <testcase classname="testNG_Assignments.Test_Annotation_3" name="test2" time="0.001"/>
  <system-out/>
  <testcase classname="testNG_Assignments.Test_Annotation_3" name="test2" time="0.001"/>
  <system-out/>
  <testcase classname="testNG_Assignments.Test_Annotation_3" name="test2" time="0.001"/>
  <system-out/>
  <testcase classname="testNG_Assignments.Test_Annotation_3" name="test3" time="0.002"/>
  <system-out/>
  <testcase classname="testNG_Assignments.Test_Annotation_3" name="test2" time="0.002"/>
  <system-out/>
  <testcase classname="testNG_Assignments.Test_Annotation_3" name="test2" time="0.001"/>
  <system-out/>
  <testcase classname="testNG_Assignments.Test_Annotation_3" name="test2" time="0.001"/>
  <system-out/>
  <testcase classname="testNG_Assignments.Test_Annotation_3" name="test2" time="0.000"/>
  <system-out/>
  <testcase classname="testNG_Assignments.Test_Annotation_3" name="test2" time="0.001"/>
  <system-out/>
  <testcase classname="testNG_Assignments.Test_Annotation_3" name="test2" time="0.001"/>
  <system-out/>
  <testcase classname="testNG_Assignments.Test_Annotation_3" name="test2" time="0.001"/>
  <system-out/>
  <testcase classname="testNG_Assignments.Test_Annotation_3" name="test1" time="0.007"/>
  <system-out/>
</testsuite> <!-- testNG_Assignments.Test_Annotation_3 -->
