<?xml version="1.0" encoding="UTF-8"?>
<!-- Generated by org.testng.reporters.JUnitReportReporter -->
<testsuite hostname="Yamini" failures="0" tests="1" name="testNG_Package.AssertClass" time="6.999" errors="0" timestamp="2024-10-22T21:56:13 IST" skipped="0">
  <testcase classname="testNG_Package.AssertClass" name="testcase1" time="6.999"/>
  <system-out/>
</testsuite> <!-- testNG_Package.AssertClass -->
