<?xml version="1.0" encoding="UTF-8"?>
<!-- Generated by org.testng.reporters.JUnitReportReporter -->
<testsuite hostname="Yamini" failures="0" tests="1" name="parallel_Testing.TestCase2" time="16.001" errors="0" timestamp="2024-11-18T19:07:29 IST" skipped="0">
  <testcase classname="parallel_Testing.TestCase2" name="addToCart" time="16.001"/>
  <system-out/>
</testsuite> <!-- parallel_Testing.TestCase2 -->
