<?xml version="1.0" encoding="UTF-8"?>
<!-- Generated by org.testng.reporters.JUnitReportReporter -->
<testsuite hostname="Yamini" failures="0" tests="1" name="testCases.TestCase13" time="46.891" errors="0" timestamp="2024-12-04T17:11:10 IST" skipped="0">
  <testcase classname="testCases.TestCase13" name="TC13" time="46.891"/>
  <system-out>
    <![CDATA[Test Case Execution started
TestCase Exceuted succesfully]]>
  </system-out>
</testsuite> <!-- testCases.TestCase13 -->
