<?xml version="1.0" encoding="UTF-8"?>
<!-- Generated by org.testng.reporters.JUnitReportReporter -->
<testsuite hostname="Yamini" failures="0" tests="1" name="testCases.TestCase5" time="15.790" errors="0" timestamp="2024-12-04T11:06:06 IST" skipped="0">
  <testcase classname="testCases.TestCase5" name="itemSearch" time="15.790"/>
  <system-out>
    <![CDATA[Test Case Execution started
TestCase Exceuted succesfully]]>
  </system-out>
</testsuite> <!-- testCases.TestCase5 -->
