<?xml version="1.0" encoding="UTF-8"?>
<!-- Generated by org.testng.reporters.JUnitReportReporter -->
<testsuite hostname="Yamini" failures="0" tests="1" name="testCases.TestCase6" time="12.131" errors="0" timestamp="2024-12-04T22:59:27 IST" skipped="0">
  <testcase classname="testCases.TestCase6" name="searchWithFilters" time="12.131"/>
  <system-out>
    <![CDATA[Test Case Execution started
TestCase Exceuted succesfully]]>
  </system-out>
</testsuite> <!-- testCases.TestCase6 -->
