<?xml version="1.0" encoding="UTF-8"?>
<!-- Generated by org.testng.reporters.JUnitReportReporter -->
<testsuite hostname="Yamini" failures="0" tests="1" name="testCases.TestCase9" time="21.076" errors="0" timestamp="2024-12-04T17:40:31 IST" skipped="0">
  <testcase classname="testCases.TestCase9" name="AddToCart" time="21.076"/>
  <system-out>
    <![CDATA[Test Case Execution started
TestCase Exceuted succesfully]]>
  </system-out>
</testsuite> <!-- testCases.TestCase9 -->
