<?xml version="1.0" encoding="UTF-8"?>
<!-- Generated by org.testng.reporters.JUnitReportReporter -->
<testsuite hostname="Yamini" failures="0" tests="1" name="testCases.Testcase14" time="11.945" errors="0" timestamp="2024-11-23T19:12:27 IST" skipped="0">
  <testcase classname="testCases.Testcase14" name="TC14" time="11.945"/>
  <system-out>
    <![CDATA[Test Case Execution started
TestCase Exceuted succesfully]]>
  </system-out>
</testsuite> <!-- testCases.Testcase14 -->
