<?xml version="1.0" encoding="UTF-8"?>
<!-- Generated by org.testng.reporters.JUnitReportReporter -->
<testsuite hostname="Yamini" failures="0" tests="1" name="testCases.TestCase15" time="16.955" errors="0" timestamp="2024-11-23T19:34:47 IST" skipped="0">
  <testcase classname="testCases.TestCase15" name="TC15" time="16.955"/>
  <system-out>
    <![CDATA[Test Case Execution started
TestCase Exceuted succesfully]]>
  </system-out>
</testsuite> <!-- testCases.TestCase15 -->
