<?xml version="1.0" encoding="UTF-8"?>
<!-- Generated by org.testng.reporters.JUnitReportReporter -->
<testsuite hostname="Yamini" failures="0" tests="1" name="testCases.TestCase12" time="41.367" errors="0" timestamp="2024-12-04T17:20:40 IST" skipped="0">
  <testcase classname="testCases.TestCase12" name="AddandRemoveQuantiesFromCart" time="41.367"/>
  <system-out>
    <![CDATA[Test Case Execution started
TestCase Exceuted succesfully]]>
  </system-out>
</testsuite> <!-- testCases.TestCase12 -->
