<?xml version="1.0" encoding="UTF-8"?>
<!-- Generated by org.testng.reporters.JUnitReportReporter -->
<testsuite hostname="Yamini" failures="0" tests="1" name="testCases.TestCase7" time="28.758" errors="0" timestamp="2024-12-04T19:41:51 IST" skipped="0">
  <testcase classname="testCases.TestCase7" name="TC7" time="28.758"/>
  <system-out>
    <![CDATA[Test Case Execution started
TestCase Exceuted succesfully]]>
  </system-out>
</testsuite> <!-- testCases.TestCase7 -->
